12.10.2021 01:31:04 sql=[select * from dbbaitaplon where id=1] 
12.10.2021 01:31:04 Khong the select duoc,ERROR=[Table 'kenhvtv.dbbaitaplon' doesn't exist] 
12.10.2021 01:31:04 COUNT=[0] 
12.10.2021 01:31:06 sql=[select * from dbbaitaplon where id=1] 
12.10.2021 01:31:06 Khong the select duoc,ERROR=[Table 'kenhvtv.dbbaitaplon' doesn't exist] 
12.10.2021 01:31:06 COUNT=[0] 
12.10.2021 01:31:06 sql=[select * from dbbaitaplon where id=1] 
12.10.2021 01:31:06 Khong the select duoc,ERROR=[Table 'kenhvtv.dbbaitaplon' doesn't exist] 
12.10.2021 01:31:06 COUNT=[0] 
12.10.2021 01:31:06 sql=[select * from dbbaitaplon where id=1] 
12.10.2021 01:31:06 Khong the select duoc,ERROR=[Table 'kenhvtv.dbbaitaplon' doesn't exist] 
12.10.2021 01:31:06 COUNT=[0] 
12.10.2021 01:31:06 sql=[select * from dbbaitaplon where id=1] 
12.10.2021 01:31:06 Khong the select duoc,ERROR=[Table 'kenhvtv.dbbaitaplon' doesn't exist] 
12.10.2021 01:31:06 COUNT=[0] 
12.10.2021 01:31:07 sql=[select * from dbbaitaplon where id=1] 
12.10.2021 01:31:07 Khong the select duoc,ERROR=[Table 'kenhvtv.dbbaitaplon' doesn't exist] 
12.10.2021 01:31:07 COUNT=[0] 
12.10.2021 01:31:15 sql=[select * from dbbaitaplon where id=1] 
12.10.2021 01:31:15 Khong the select duoc,ERROR=[Table 'kenhvtv.dbbaitaplon' doesn't exist] 
12.10.2021 01:31:15 COUNT=[0] 
12.10.2021 01:31:16 sql=[select * from dbbaitaplon where id=1] 
12.10.2021 01:31:16 Khong the select duoc,ERROR=[Table 'kenhvtv.dbbaitaplon' doesn't exist] 
12.10.2021 01:31:16 COUNT=[0] 
12.10.2021 01:31:59 sql=[select * from dbbaitaplon where id=1] 
12.10.2021 01:31:59 sql=[select * from dbbaitaplon where cid=1 limit 6] 
12.10.2021 01:32:40 sql=[select * from dbbaitaplon where id=1] 
12.10.2021 01:32:40 sql=[select * from dbbaitaplon where cid=1 limit 6] 
12.10.2021 01:32:49 sql=[select * from dbbaitaplon where id=1] 
12.10.2021 01:32:49 sql=[select * from dbbaitaplon where cid=1 limit 6] 
12.10.2021 01:35:29 sql=[select * from dbbaitaplon where id=1] 
12.10.2021 01:35:53 sql=[select * from dbbaitaplon where id=1] 
12.10.2021 01:35:53 sql=[select * from dbbaitaplon where cid=1 limit 6] 
12.10.2021 01:38:05 sql=[select * from dbbaitaplon where id=1] 
12.10.2021 01:38:05 sql=[select * from dbbaitaplon where cid=1 limit 6] 
12.10.2021 01:40:28 sql=[select * from dbbaitaplon where id=1] 
12.10.2021 01:40:28 sql=[select * from dbbaitaplon where cid=1 limit 6] 
12.10.2021 01:41:13 sql=[select * from dbbaitaplon where id=1] 
12.10.2021 01:41:13 sql=[select * from dbbaitaplon where cid=1 limit 6] 
12.10.2021 01:42:56 sql=[select * from dbbaitaplon where id=1] 
12.10.2021 01:42:56 sql=[select * from dbbaitaplon where cid=1 limit 6] 
12.10.2021 01:47:09 sql=[select * from dbbaitaplon where id=1] 
12.10.2021 01:47:09 sql=[select * from dbbaitaplon where cid=1 limit 6] 
12.10.2021 01:47:33 sql=[select * from dbbaitaplon where id=1] 
12.10.2021 01:47:33 sql=[select * from dbbaitaplon where cid=1 limit 6] 
19.10.2021 06:00:34 sql=[select * from dbbaitaplon where id=1] 
19.10.2021 06:00:34 sql=[select * from dbbaitaplon where cid=1 limit 6] 
19.10.2021 06:31:55 sql=[select * from dbbaitaplon where id=1] 
19.10.2021 06:31:55 sql=[select * from dbbaitaplon where cid=1 limit 6] 
26.10.2021 03:22:59 sql=[select * from trangchu] 
26.10.2021 03:23:27 sql=[select * from trangchu] 
26.10.2021 03:29:44 sql=[select * from trangchu] 
26.10.2021 03:29:56 sql=[select * from trangchu] 
26.10.2021 03:31:32 sql=[select * from trangchu] 
26.10.2021 03:32:27 sql=[select * from trangchu] 
26.10.2021 03:32:29 sql=[select * from trangchu] 
26.10.2021 03:33:13 sql=[select * from trangchu] 
26.10.2021 03:33:15 sql=[select * from trangchu] 
26.10.2021 03:33:18 sql=[select * from trangchu] 
26.10.2021 03:33:19 sql=[select * from trangchu] 
26.10.2021 03:33:25 sql=[select * from trangchu] 
26.10.2021 03:33:31 sql=[select * from trangchu] 
26.10.2021 03:33:32 sql=[select * from trangchu] 
26.10.2021 03:33:33 sql=[select * from trangchu] 
26.10.2021 03:33:33 sql=[select * from trangchu] 
26.10.2021 03:33:34 sql=[select * from trangchu] 
26.10.2021 03:33:34 sql=[select * from trangchu] 
26.10.2021 03:33:35 sql=[select * from trangchu] 
26.10.2021 03:33:35 sql=[select * from trangchu] 
26.10.2021 03:33:36 sql=[select * from trangchu] 
26.10.2021 03:33:38 sql=[select * from trangchu] 
26.10.2021 03:33:38 sql=[select * from trangchu] 
26.10.2021 03:33:39 sql=[select * from trangchu] 
26.10.2021 03:33:39 sql=[select * from trangchu] 
26.10.2021 03:33:46 sql=[select * from trangchu] 
26.10.2021 03:35:40 sql=[select * from trangchu] 
26.10.2021 03:35:41 sql=[select * from trangchu] 
26.10.2021 03:35:42 sql=[select * from trangchu] 
26.10.2021 03:35:42 sql=[select * from trangchu] 
26.10.2021 03:35:43 sql=[select * from trangchu] 
26.10.2021 03:35:44 sql=[select * from trangchu] 
26.10.2021 03:35:44 sql=[select * from trangchu] 
26.10.2021 03:35:44 sql=[select * from trangchu] 
26.10.2021 03:36:19 sql=[select * from trangchu] 
26.10.2021 03:36:43 sql=[select * from trangchu] 
26.10.2021 03:36:44 sql=[select * from trangchu] 
26.10.2021 03:36:46 sql=[select * from trangchu] 
26.10.2021 03:37:47 sql=[select * from trangchu] 
26.10.2021 03:38:14 sql=[select * from trangchu] 
26.10.2021 03:38:39 sql=[select * from trangchu] 
26.10.2021 03:38:40 sql=[select * from trangchu] 
26.10.2021 03:39:07 sql=[select * from trangchu] 
26.10.2021 03:45:53 sql=[select * from trangchu] 
26.10.2021 06:12:46 sql=[select * from trangchu] 
29.10.2021 03:04:36 sql=[select * from trangchu] 
29.10.2021 03:07:23 sql=[select * from trangchu] 
30.10.2021 04:26:35 sql=[select * from trangchu] 
30.10.2021 05:20:46 sql=[select * from trangchu] 
30.10.2021 05:22:41 sql=[select * from trangchu] 
30.10.2021 05:30:01 sql=[select * from trangchu] 
30.10.2021 05:45:32 sql=[select * from trangchu] 
30.10.2021 05:47:07 sql=[select * from trangchu] 
30.10.2021 05:48:06 sql=[select * from trangchu] 
30.10.2021 06:37:43 sql=[select * from trangchu] 
30.10.2021 06:38:09 sql=[select * from trangchu] 
30.10.2021 06:38:28 sql=[select * from trangchu limit 6] 
30.10.2021 06:44:27 sql=[select * from trangchu limit 6] 
30.10.2021 06:44:28 sql=[SELECT * FROM trangchu where id=.1] 
30.10.2021 06:44:28 sql=[SELECT * FROM trangchu where cid=] 
30.10.2021 06:44:28 Khong the select duoc,ERROR=[You have an error in your SQL syntax; check the manual that corresponds to your MariaDB server version for the right syntax to use near '' at line 1] 
30.10.2021 06:44:28 COUNT=[0] 
30.10.2021 06:46:10 sql=[SELECT * FROM trangchu where id=.1] 
30.10.2021 06:47:02 sql=[SELECT * FROM trangchu where id=1] 
30.10.2021 06:47:02 sql=[SELECT * FROM trangchu where cid=3] 
30.10.2021 06:48:19 sql=[SELECT * FROM trangchu where id=1] 
30.10.2021 06:48:19 sql=[SELECT * FROM trangchu where cid=3] 
30.10.2021 06:48:20 sql=[SELECT * FROM trangchu where id=1] 
30.10.2021 06:48:20 sql=[SELECT * FROM trangchu where cid=3] 
30.10.2021 06:55:19 sql=[select * from trangchu limit 6] 
30.10.2021 07:03:25 sql=[select * from trangchu limit 6] 
30.10.2021 07:03:25 sql=[select * from chuyenmuc] 
30.10.2021 07:17:36 sql=[select * from trangchu limit 6] 
30.10.2021 07:17:36 sql=[select * from chuyenmuc] 
30.10.2021 07:17:36 sql=[SELECT * FROM trangchu where cid=] 
30.10.2021 07:17:36 Khong the select duoc,ERROR=[You have an error in your SQL syntax; check the manual that corresponds to your MariaDB server version for the right syntax to use near '' at line 1] 
30.10.2021 07:17:36 COUNT=[0] 
30.10.2021 07:17:57 sql=[select * from trangchu limit 6] 
30.10.2021 07:17:57 sql=[select * from chuyenmuc] 
30.10.2021 07:18:08 sql=[select * from trangchu limit 6] 
30.10.2021 07:18:08 sql=[select * from chuyenmuc] 
30.10.2021 07:18:42 sql=[SELECT * FROM trangchu where id=1] 
30.10.2021 07:20:04 sql=[select * from trangchu limit 6] 
30.10.2021 07:20:04 sql=[select * from chuyenmuc] 
30.10.2021 07:20:05 sql=[select * from trangchu limit 6] 
30.10.2021 07:20:05 sql=[select * from chuyenmuc] 
30.10.2021 07:20:15 sql=[SELECT * FROM trangchu where id=1] 
30.10.2021 07:20:15 sql=[SELECT * FROM trangchu where cid=3] 
30.10.2021 07:21:08 sql=[select * from trangchu limit 6] 
30.10.2021 07:21:08 sql=[select * from chuyenmuc] 
30.10.2021 07:21:29 sql=[select * from trangchu limit 6] 
30.10.2021 07:21:29 sql=[select * from chuyenmuc] 
30.10.2021 07:22:14 sql=[SELECT * FROM trangchu where id=1] 
30.10.2021 07:22:34 sql=[select * from trangchu limit 6] 
30.10.2021 07:22:34 sql=[select * from chuyenmuc] 
30.10.2021 07:24:13 sql=[select * from trangchu limit 6] 
30.10.2021 07:24:13 sql=[select * from chuyenmuc] 
30.10.2021 07:24:50 sql=[select * from trangchu limit 6] 
30.10.2021 07:24:50 sql=[select * from chuyenmuc] 
30.10.2021 07:27:49 sql=[select * from trangchu limit 6] 
30.10.2021 07:27:49 sql=[select * from chuyenmuc] 
30.10.2021 07:31:33 sql=[select * from trangchu limit 6] 
30.10.2021 07:31:33 sql=[select * from chuyenmuc] 
30.10.2021 07:31:33 sql=[SELECT * FROM trangchu where cid=6] 
30.10.2021 07:31:33 sql=[SELECT * FROM trangchu where cid=6] 
30.10.2021 07:31:33 sql=[SELECT * FROM trangchu where cid=6] 
30.10.2021 07:31:33 sql=[SELECT * FROM trangchu where cid=6] 
30.10.2021 07:31:36 sql=[select * from trangchu limit 6] 
30.10.2021 07:31:36 sql=[select * from chuyenmuc] 
30.10.2021 07:31:36 sql=[SELECT * FROM trangchu where cid=6] 
30.10.2021 07:31:36 sql=[SELECT * FROM trangchu where cid=6] 
30.10.2021 07:31:36 sql=[SELECT * FROM trangchu where cid=6] 
30.10.2021 07:31:36 sql=[SELECT * FROM trangchu where cid=6] 
30.10.2021 07:32:36 sql=[select * from trangchu limit 6] 
30.10.2021 07:32:36 sql=[select * from chuyenmuc] 
30.10.2021 07:32:36 sql=[SELECT * FROM trangchu where cid=6] 
30.10.2021 07:32:43 sql=[select * from trangchu limit 6] 
30.10.2021 07:32:43 sql=[select * from chuyenmuc] 
30.10.2021 07:32:43 sql=[SELECT * FROM trangchu where cid=6] 
30.10.2021 07:49:28 sql=[select * from trangchu limit 6] 
30.10.2021 07:49:28 sql=[select * from chuyenmuc] 
30.10.2021 07:49:28 sql=[SELECT * FROM trangchu where cid=6] 
30.10.2021 07:49:44 sql=[select * from trangchu limit 6] 
30.10.2021 07:49:44 sql=[select * from chuyenmuc] 
30.10.2021 07:49:44 sql=[SELECT * FROM trangchu where cid=6] 
30.10.2021 07:50:08 sql=[select * from trangchu limit 6] 
30.10.2021 07:50:08 sql=[select * from chuyenmuc] 
30.10.2021 07:50:08 sql=[SELECT * FROM trangchu where cid=1] 
30.10.2021 07:51:02 sql=[select * from trangchu limit 6] 
30.10.2021 07:51:02 sql=[select * from chuyenmuc] 
30.10.2021 07:51:02 sql=[SELECT * FROM trangchu where cid=1] 
30.10.2021 07:51:37 sql=[select * from trangchu limit 6] 
30.10.2021 07:51:37 sql=[select * from chuyenmuc] 
30.10.2021 07:53:01 sql=[select * from trangchu limit 6] 
30.10.2021 07:53:01 sql=[select * from chuyenmuc] 
30.10.2021 07:53:11 sql=[select * from trangchu limit 6] 
30.10.2021 07:53:11 sql=[select * from chuyenmuc] 
30.10.2021 07:53:11 sql=[SELECT * FROM trangchu where cid=1] 
30.10.2021 07:53:11 sql=[SELECT * FROM trangchu where cid=2] 
30.10.2021 07:53:11 sql=[SELECT * FROM trangchu where cid=3] 
30.10.2021 07:53:11 sql=[SELECT * FROM trangchu where cid=4] 
30.10.2021 07:53:32 sql=[select * from trangchu limit 6] 
30.10.2021 07:53:32 sql=[select * from chuyenmuc] 
30.10.2021 07:53:32 sql=[SELECT * FROM trangchu where cid=1] 
30.10.2021 07:53:32 sql=[SELECT * FROM trangchu where cid=2] 
30.10.2021 07:53:32 sql=[SELECT * FROM trangchu where cid=3] 
30.10.2021 07:53:32 sql=[SELECT * FROM trangchu where cid=4] 
30.10.2021 07:53:49 sql=[select * from trangchu limit 6] 
30.10.2021 07:53:49 sql=[select * from chuyenmuc] 
30.10.2021 07:53:49 sql=[SELECT * FROM trangchu where cid=1] 
30.10.2021 07:53:49 sql=[SELECT * FROM trangchu where cid=2] 
30.10.2021 07:53:49 sql=[SELECT * FROM trangchu where cid=3] 
30.10.2021 07:53:49 sql=[SELECT * FROM trangchu where cid=4] 
30.10.2021 07:54:33 sql=[select * from trangchu limit 6] 
30.10.2021 07:54:33 sql=[select * from chuyenmuc] 
30.10.2021 07:54:33 sql=[SELECT * FROM trangchu where cid=1] 
30.10.2021 07:55:33 sql=[select * from trangchu limit 6] 
30.10.2021 07:55:33 sql=[select * from chuyenmuc] 
30.10.2021 07:55:33 sql=[Array] 
30.10.2021 07:56:22 sql=[select * from trangchu limit 6] 
30.10.2021 07:56:22 sql=[select * from chuyenmuc] 
30.10.2021 07:57:12 sql=[select * from trangchu limit 6] 
30.10.2021 07:57:12 sql=[select * from chuyenmuc] 
30.10.2021 07:57:12 sql=[SELECT * FROM trangchu where cid=1] 
30.10.2021 07:57:18 sql=[select * from trangchu limit 6] 
30.10.2021 07:57:18 sql=[select * from chuyenmuc] 
30.10.2021 07:57:18 sql=[SELECT * FROM trangchu where cid=1] 
30.10.2021 07:57:18 sql=[SELECT * FROM trangchu where cid=2] 
30.10.2021 07:57:18 sql=[SELECT * FROM trangchu where cid=3] 
30.10.2021 07:57:18 sql=[SELECT * FROM trangchu where cid=4] 
30.10.2021 07:58:32 sql=[select * from trangchu limit 6] 
30.10.2021 07:58:32 sql=[select * from chuyenmuc] 
30.10.2021 07:58:32 sql=[SELECT * FROM trangchu where cid=1] 
30.10.2021 07:58:32 sql=[SELECT * FROM trangchu where cid=2] 
30.10.2021 07:58:32 sql=[SELECT * FROM trangchu where cid=3] 
30.10.2021 07:58:32 sql=[SELECT * FROM trangchu where cid=4] 
30.10.2021 07:59:27 sql=[select * from trangchu limit 6] 
30.10.2021 07:59:27 sql=[select * from chuyenmuc] 
30.10.2021 07:59:27 sql=[SELECT * FROM trangchu where cid=1] 
30.10.2021 07:59:27 sql=[SELECT * FROM trangchu where cid=2] 
30.10.2021 07:59:27 sql=[SELECT * FROM trangchu where cid=3] 
30.10.2021 07:59:27 sql=[SELECT * FROM trangchu where cid=4] 
30.10.2021 07:59:29 sql=[SELECT * FROM trangchu where id=4] 
30.10.2021 07:59:29 sql=[SELECT * FROM trangchu where cid=1] 
30.10.2021 08:00:03 sql=[SELECT * FROM trangchu where id=4] 
30.10.2021 08:00:03 sql=[SELECT * FROM trangchu where cid=1] 
30.10.2021 08:00:36 sql=[SELECT * FROM trangchu where id=1] 
30.10.2021 08:00:36 sql=[SELECT * FROM trangchu where cid=3] 
30.10.2021 08:01:44 sql=[select * from trangchu limit 6] 
30.10.2021 08:01:44 sql=[select * from chuyenmuc] 
30.10.2021 08:01:44 sql=[SELECT * FROM trangchu where cid=1] 
30.10.2021 08:01:44 sql=[SELECT * FROM trangchu where cid=2] 
30.10.2021 08:01:44 sql=[SELECT * FROM trangchu where cid=3] 
30.10.2021 08:01:44 sql=[SELECT * FROM trangchu where cid=4] 
30.10.2021 08:01:46 sql=[SELECT * FROM trangchu where id=2] 
30.10.2021 08:01:46 sql=[SELECT * FROM trangchu where cid=2] 
30.10.2021 08:02:00 sql=[SELECT * FROM trangchu where id=1] 
30.10.2021 08:02:00 sql=[SELECT * FROM trangchu where cid=3] 
30.10.2021 08:30:03 sql=[select * from trangchu limit 6] 
30.10.2021 08:30:03 sql=[select * from chuyenmuc] 
30.10.2021 08:30:03 sql=[SELECT * FROM trangchu where cid=1] 
30.10.2021 08:30:03 sql=[SELECT * FROM trangchu where cid=2] 
30.10.2021 08:30:03 sql=[SELECT * FROM trangchu where cid=3] 
30.10.2021 08:30:03 sql=[SELECT * FROM trangchu where cid=4] 
30.10.2021 08:30:06 sql=[SELECT * FROM trangchu where id=4] 
30.10.2021 08:30:06 sql=[SELECT * FROM trangchu where cid=1] 
30.10.2021 08:30:28 sql=[SELECT * FROM trangchu where id=4] 
30.10.2021 08:30:28 sql=[SELECT * FROM trangchu where cid=1] 
30.10.2021 08:30:58 sql=[SELECT * FROM trangchu where id=4] 
30.10.2021 08:30:58 sql=[SELECT * FROM trangchu where cid=1] 
30.10.2021 08:31:00 sql=[SELECT * FROM trangchu where id=4] 
30.10.2021 08:31:00 sql=[SELECT * FROM trangchu where cid=1] 
30.10.2021 08:31:01 sql=[SELECT * FROM trangchu where id=4] 
30.10.2021 08:31:01 sql=[SELECT * FROM trangchu where cid=1] 
30.10.2021 08:33:49 sql=[SELECT * FROM trangchu where id=4] 
30.10.2021 08:33:49 sql=[SELECT * FROM trangchu where cid=1] 
<<<<<<< HEAD
30.10.2021 08:38:24 sql=[select * from trangchu limit 6] 
30.10.2021 08:38:25 sql=[select * from chuyenmuc] 
30.10.2021 08:38:25 sql=[SELECT * FROM trangchu where cid=1] 
30.10.2021 08:38:25 sql=[SELECT * FROM trangchu where cid=2] 
30.10.2021 08:38:25 sql=[SELECT * FROM trangchu where cid=3] 
30.10.2021 08:38:25 sql=[SELECT * FROM trangchu where cid=4] 
30.10.2021 08:38:27 sql=[SELECT * FROM trangchu where id=1] 
30.10.2021 08:38:27 sql=[SELECT * FROM trangchu where cid=3] 
30.10.2021 08:38:48 sql=[select * from trangchu limit 6] 
30.10.2021 08:38:48 sql=[select * from chuyenmuc] 
30.10.2021 08:38:48 sql=[SELECT * FROM trangchu where cid=1] 
30.10.2021 08:38:48 sql=[SELECT * FROM trangchu where cid=2] 
30.10.2021 08:38:48 sql=[SELECT * FROM trangchu where cid=3] 
30.10.2021 08:38:48 sql=[SELECT * FROM trangchu where cid=4] 
30.10.2021 08:38:49 sql=[SELECT * FROM trangchu where id=1] 
30.10.2021 08:38:49 sql=[SELECT * FROM trangchu where cid=3] 
30.10.2021 08:38:59 sql=[SELECT * FROM trangchu where id=1] 
30.10.2021 08:38:59 sql=[SELECT * FROM trangchu where cid=3] 
30.10.2021 08:39:02 sql=[SELECT * FROM trangchu where id=4] 
30.10.2021 08:39:02 sql=[SELECT * FROM trangchu where cid=1] 
30.10.2021 08:39:05 sql=[SELECT * FROM trangchu where id=3] 
30.10.2021 08:39:05 sql=[SELECT * FROM trangchu where cid=4] 
30.10.2021 08:40:47 sql=[SELECT * FROM trangchu where id=3] 
30.10.2021 08:40:47 sql=[SELECT * FROM trangchu where cid=4] 
30.10.2021 08:52:26 sql=[SELECT * FROM trangchu where id=3] 
30.10.2021 08:53:05 sql=[SELECT * FROM trangchu where id=3] 
30.10.2021 08:54:38 sql=[SELECT * FROM trangchu where id=3] 
30.10.2021 08:59:25 sql=[SELECT * FROM trangchu where id=3] 
30.10.2021 08:59:25 sql=[SELECT * FROM chuyenmuc WHERE id=4] 
30.10.2021 08:59:51 sql=[SELECT * FROM trangchu where id=3] 
30.10.2021 08:59:51 sql=[SELECT * FROM chuyenmuc WHERE id=4] 
30.10.2021 08:59:51 sql=[SELECT * FROM trangchu where cid=4] 
30.10.2021 09:06:44 sql=[SELECT * FROM trangchu where id=3] 
30.10.2021 09:06:44 sql=[SELECT * FROM chuyenmuc WHERE id=4] 
30.10.2021 09:06:44 sql=[SELECT * FROM trangchu where cid=4] 
30.10.2021 09:06:46 sql=[SELECT * FROM trangchu where id=3] 
30.10.2021 09:06:46 sql=[SELECT * FROM chuyenmuc WHERE id=4] 
30.10.2021 09:06:46 sql=[SELECT * FROM trangchu where cid=4] 
30.10.2021 09:07:56 sql=[SELECT * FROM trangchu where id=3] 
30.10.2021 09:07:56 sql=[SELECT * FROM chuyenmuc WHERE id=4] 
30.10.2021 09:07:56 sql=[SELECT * FROM trangchu where cid=4] 
30.10.2021 09:08:19 sql=[select * from trangchu limit 6] 
30.10.2021 09:08:19 sql=[select * from chuyenmuc] 
30.10.2021 09:08:19 sql=[SELECT * FROM trangchu where cid=1] 
30.10.2021 09:08:19 sql=[SELECT * FROM trangchu where cid=2] 
30.10.2021 09:08:19 sql=[SELECT * FROM trangchu where cid=3] 
30.10.2021 09:08:19 sql=[SELECT * FROM trangchu where cid=4] 
30.10.2021 09:08:22 sql=[SELECT * FROM trangchu where id=4] 
30.10.2021 09:08:22 sql=[SELECT * FROM chuyenmuc WHERE id=1] 
30.10.2021 09:08:22 sql=[SELECT * FROM trangchu where cid=1] 
30.10.2021 09:08:26 sql=[SELECT * FROM trangchu where id=1] 
30.10.2021 09:08:26 sql=[SELECT * FROM chuyenmuc WHERE id=3] 
30.10.2021 09:08:26 sql=[SELECT * FROM trangchu where cid=3] 
30.10.2021 09:08:28 sql=[SELECT * FROM trangchu where id=3] 
30.10.2021 09:08:29 sql=[SELECT * FROM chuyenmuc WHERE id=4] 
30.10.2021 09:08:29 sql=[SELECT * FROM trangchu where cid=4] 
30.10.2021 09:08:47 sql=[SELECT * FROM trangchu where id=3] 
30.10.2021 09:08:47 sql=[SELECT * FROM chuyenmuc WHERE id=4] 
30.10.2021 09:08:47 sql=[SELECT * FROM trangchu where cid=4] 
30.10.2021 09:12:09 sql=[SELECT * FROM trangchu where id=1] 
30.10.2021 09:15:46 sql=[select * from trangchu limit 6] 
30.10.2021 09:15:46 sql=[select * from chuyenmuc] 
30.10.2021 09:15:46 sql=[SELECT * FROM trangchu where cid=1] 
30.10.2021 09:15:46 sql=[SELECT * FROM trangchu where cid=2] 
30.10.2021 09:15:46 sql=[SELECT * FROM trangchu where cid=3] 
30.10.2021 09:15:46 sql=[SELECT * FROM trangchu where cid=4] 
30.10.2021 09:16:20 sql=[select * from trangchu limit 6] 
30.10.2021 09:16:20 sql=[select * from chuyenmuc] 
30.10.2021 09:16:20 sql=[SELECT * FROM trangchu where cid=1] 
30.10.2021 09:16:20 sql=[SELECT * FROM trangchu where cid=2] 
30.10.2021 09:16:20 sql=[SELECT * FROM trangchu where cid=3] 
30.10.2021 09:16:20 sql=[SELECT * FROM trangchu where cid=4] 
30.10.2021 09:16:57 sql=[select * from trangchu limit 6] 
30.10.2021 09:16:57 sql=[select * from chuyenmuc] 
30.10.2021 09:16:57 sql=[SELECT * FROM trangchu where cid=1] 
30.10.2021 09:16:57 sql=[SELECT * FROM trangchu where cid=2] 
30.10.2021 09:16:57 sql=[SELECT * FROM trangchu where cid=3] 
30.10.2021 09:16:57 sql=[SELECT * FROM trangchu where cid=4] 
30.10.2021 09:17:31 sql=[SELECT * FROM trangchu where id=1] 
30.10.2021 09:17:54 sql=[SELECT * FROM trangchu where id=1] 
30.10.2021 09:18:36 sql=[SELECT * FROM trangchu where id=1] 
30.10.2021 09:18:54 sql=[SELECT * FROM trangchu where id=1] 
30.10.2021 09:18:57 sql=[SELECT * FROM trangchu where id=2] 
30.10.2021 09:19:08 sql=[SELECT * FROM trangchu where id=2] 
30.10.2021 09:19:14 sql=[SELECT * FROM trangchu where id=4] 
30.10.2021 09:19:48 sql=[SELECT * FROM trangchu where id=4] 
30.10.2021 09:20:09 sql=[SELECT * FROM trangchu where id=4] 
30.10.2021 09:20:22 sql=[SELECT * FROM trangchu where id=4] 
30.10.2021 09:21:58 sql=[SELECT * FROM trangchu where id=4] 
30.10.2021 09:22:36 sql=[SELECT * FROM trangchu where id=4] 
30.10.2021 09:22:48 sql=[SELECT * FROM trangchu where id=5] 
30.10.2021 09:25:27 sql=[select * from trangchu limit 6] 
30.10.2021 09:25:27 sql=[select * from chuyenmuc] 
30.10.2021 09:25:27 sql=[SELECT * FROM trangchu where cid=1] 
30.10.2021 09:25:27 sql=[SELECT * FROM trangchu where cid=2] 
30.10.2021 09:25:27 sql=[SELECT * FROM trangchu where cid=3] 
30.10.2021 09:25:27 sql=[SELECT * FROM trangchu where cid=4] 
30.10.2021 09:25:29 sql=[SELECT * FROM trangchu where id=1] 
30.10.2021 09:25:32 sql=[SELECT * FROM trangchu where id=2] 
30.10.2021 09:25:35 sql=[SELECT * FROM trangchu where id=3] 
30.10.2021 09:25:39 sql=[SELECT * FROM trangchu where id=5] 
30.10.2021 09:25:42 sql=[SELECT * FROM trangchu where id=6] 
30.10.2021 09:25:46 sql=[SELECT * FROM trangchu where id=2] 
30.10.2021 09:25:46 sql=[SELECT * FROM chuyenmuc WHERE id=2] 
30.10.2021 09:25:46 sql=[SELECT * FROM trangchu where cid=2] 
30.10.2021 09:25:52 sql=[SELECT * FROM trangchu where id=4] 
30.10.2021 09:25:52 sql=[SELECT * FROM chuyenmuc WHERE id=1] 
30.10.2021 09:25:52 sql=[SELECT * FROM trangchu where cid=1] 
30.10.2021 09:26:31 sql=[SELECT * FROM trangchu where id=4] 
30.10.2021 09:26:31 sql=[SELECT * FROM chuyenmuc WHERE id=1] 
30.10.2021 09:26:31 sql=[SELECT * FROM trangchu where cid=1] 
30.10.2021 09:26:37 sql=[SELECT * FROM trangchu where id=4] 
30.10.2021 09:26:37 sql=[SELECT * FROM chuyenmuc WHERE id=1] 
30.10.2021 09:26:37 sql=[SELECT * FROM trangchu where cid=1] 
30.10.2021 09:27:31 sql=[SELECT * FROM trangchu where id=4] 
30.10.2021 09:27:32 sql=[SELECT * FROM chuyenmuc WHERE id=1] 
30.10.2021 09:27:32 sql=[SELECT * FROM trangchu where cid=1] 
30.10.2021 09:27:32 sql=[SELECT * FROM trangchu where id=12] 
30.10.2021 09:27:36 sql=[SELECT * FROM trangchu where id=5] 
30.10.2021 09:27:38 sql=[SELECT * FROM trangchu where id=4] 
30.10.2021 09:27:41 sql=[SELECT * FROM trangchu where id=3] 
30.10.2021 09:27:41 sql=[SELECT * FROM chuyenmuc WHERE id=4] 
30.10.2021 09:27:42 sql=[SELECT * FROM trangchu where cid=4] 
30.10.2021 09:27:43 sql=[SELECT * FROM trangchu where id=9] 
=======
>>>>>>> 08ecaec3f9b0d2e9a25ecd5d82e1f6232c23ff90
